Arguments: 
  /usr/local/bin/node /usr/local/Cellar/yarn/1.3.2/libexec/bin/yarn.js add gitbook-markdown

PATH: 
  /usr/local/opt/gettext/bin:/Users/terenyeung/.pyenv/shims:/Library/Frameworks/Python.framework/Versions/2.7/bin:/usr/local/bin:/Users/terenyeung/.yarn/bin:/usr/local/bin:/usr/bin:/bin:/usr/sbin:/sbin:/Library/Frameworks/Mono.framework/Versions/Current/Commands:/Applications/Wireshark.app/Contents/MacOS:/usr/local/opt/gettext/bin:/Users/terenyeung/.pyenv/shims:/Library/Frameworks/Python.framework/Versions/2.7/bin:/Users/terenyeung/.yarn/bin:/Applications/Postgres.app/Contents/Versions/9.6/bin:/Applications/Postgres.app/Contents/Versions/9.6/bin

Yarn version: 
  1.3.2

Node version: 
  6.11.3

Platform: 
  darwin x64

npm manifest: 
  {
    "name": "gitbook-plugins-toolkit",
    "version": "1.0.0",
    "description": "a toolkit for gitbook",
    "main": "index.js",
    "author": "ifanrx",
    "license": "MIT"
  }

yarn manifest: 
  No manifest

Lockfile: 
  No lockfile

Trace: 
  Error: getaddrinfo ENOTFOUND registry.npm.taobao.org registry.npm.taobao.org:443
      at errnoException (dns.js:28:10)
      at GetAddrInfoReqWrap.onlookup [as oncomplete] (dns.js:76:26)
